<?xml version="1.0" encoding="UTF-8"?>
<!-- Generated by org.testng.reporters.JUnitXMLReporter -->
<testsuite ignored="0" hostname="LAPTOP-NBCD1KMT" failures="0" tests="3" name="Test" time="17.452" errors="0" timestamp="2024-02-17T20:12:23 IST">
  <testcase classname="TestCase.TestCase1" name="InitializeBrowser" time="8.423"/>
  <testcase classname="TestCase.TestCase1" name="initialize" time="7.828"/>
  <testcase classname="TestCase.TestCase1" name="logout" time="0.86"/>
</testsuite> <!-- Test -->
